[2026-02-10T19:15:42.258+0800][0.003s][info][gc] Using G1
[2026-02-10T19:15:42.259+0800][0.004s][info][gc,init] Version: 17.0.18+8-LTS (release)
[2026-02-10T19:15:42.259+0800][0.004s][info][gc,init] CPUs: 10 total, 10 available
[2026-02-10T19:15:42.259+0800][0.004s][info][gc,init] Memory: 16384M
[2026-02-10T19:15:42.259+0800][0.004s][info][gc,init] Large Page Support: Disabled
[2026-02-10T19:15:42.259+0800][0.004s][info][gc,init] NUMA Support: Disabled
[2026-02-10T19:15:42.259+0800][0.004s][info][gc,init] Compressed Oops: Enabled (Zero based)
[2026-02-10T19:15:42.259+0800][0.004s][info][gc,init] Heap Region Size: 1M
[2026-02-10T19:15:42.259+0800][0.004s][info][gc,init] Heap Min Capacity: 1G
[2026-02-10T19:15:42.259+0800][0.004s][info][gc,init] Heap Initial Capacity: 1G
[2026-02-10T19:15:42.259+0800][0.004s][info][gc,init] Heap Max Capacity: 1G
[2026-02-10T19:15:42.259+0800][0.004s][info][gc,init] Pre-touch: Disabled
[2026-02-10T19:15:42.259+0800][0.004s][info][gc,init] Parallel Workers: 9
[2026-02-10T19:15:42.259+0800][0.004s][info][gc,init] Concurrent Workers: 2
[2026-02-10T19:15:42.259+0800][0.004s][info][gc,init] Concurrent Refinement Workers: 9
[2026-02-10T19:15:42.259+0800][0.004s][info][gc,init] Periodic GC: Disabled
[2026-02-10T19:15:42.262+0800][0.007s][info][gc,metaspace] CDS archive(s) mapped at: [0x000000d800000000-0x000000d800bf0000-0x000000d800bf0000), size 12517376, SharedBaseAddress: 0x000000d800000000, ArchiveRelocationMode: 1.
[2026-02-10T19:15:42.262+0800][0.007s][info][gc,metaspace] Compressed class space mapped at: 0x000000d801000000-0x000000d80e000000, reserved size: 218103808
[2026-02-10T19:15:42.262+0800][0.007s][info][gc,metaspace] Narrow klass base: 0x000000d800000000, Narrow klass shift: 0, Narrow klass range: 0x100000000
[2026-02-10T19:15:42.591+0800][0.337s][info][gc,heap,exit] Heap
[2026-02-10T19:15:42.591+0800][0.337s][info][gc,heap,exit]  garbage-first heap   total 1048576K, used 33728K [0x00000007c0000000, 0x0000000800000000)
[2026-02-10T19:15:42.591+0800][0.337s][info][gc,heap,exit]   region size 1024K, 32 young (32768K), 0 survivors (0K)
[2026-02-10T19:15:42.591+0800][0.337s][info][gc,heap,exit]  Metaspace       used 10266K, committed 10496K, reserved 278528K
[2026-02-10T19:15:42.591+0800][0.337s][info][gc,heap,exit]   class space    used 991K, committed 1088K, reserved 212992K
